<?xml version="1.0" encoding="UTF-8"?>
<!-- Generated by org.testng.reporters.JUnitReportReporter -->
<testsuite skipped="0" hostname="ILAMUKIL" name="com.TestNG.SampleTestCase" tests="2" failures="0" timestamp="2020-08-18T09:57:02 PDT" time="0.011" errors="0">
  <testcase name="TestCase1" time="0.009" classname="com.TestNG.SampleTestCase"/>
  <system-out/>
  <testcase name="TestCase2" time="0.002" classname="com.TestNG.SampleTestCase"/>
  <system-out/>
</testsuite> <!-- com.TestNG.SampleTestCase -->
