<?xml version="1.0" encoding="UTF-8"?>
<!-- Generated by org.testng.reporters.JUnitReportReporter -->
<testsuite skipped="0" hostname="ILAMUKIL" name="com.TestNG.ParallelExecution1" tests="3" failures="0" timestamp="2020-08-18T10:24:59 PDT" time="0.068" errors="0">
  <testcase name="testCase4" time="0.031" classname="com.TestNG.ParallelExecution1"/>
  <system-out/>
  <testcase name="testCase6" time="0.026" classname="com.TestNG.ParallelExecution1"/>
  <system-out/>
  <testcase name="testCase5" time="0.011" classname="com.TestNG.ParallelExecution1"/>
  <system-out/>
</testsuite> <!-- com.TestNG.ParallelExecution1 -->
