<?xml version="1.0" encoding="UTF-8"?>
<!-- Generated by org.testng.reporters.JUnitReportReporter -->
<testsuite skipped="0" hostname="ILAMUKIL" name="com.TestNG.OrangeHRM" tests="1" failures="0" timestamp="2020-08-18T11:30:44 PDT" time="22.135" errors="0">
  <testcase name="login" time="22.135" classname="com.TestNG.OrangeHRM"/>
  <system-out/>
</testsuite> <!-- com.TestNG.OrangeHRM -->
