<?xml version="1.0" encoding="UTF-8"?>
<!-- Generated by org.testng.reporters.JUnitReportReporter -->
<testsuite skipped="0" hostname="ILAMUKIL" name="com.TestNG.ParallelExecution" tests="3" failures="0" timestamp="2020-08-18T10:24:59 PDT" time="0.041" errors="0">
  <testcase name="testCase2" time="0.004" classname="com.TestNG.ParallelExecution"/>
  <system-out/>
  <testcase name="testCase1" time="0.027" classname="com.TestNG.ParallelExecution"/>
  <system-out/>
  <testcase name="testCase3" time="0.010" classname="com.TestNG.ParallelExecution"/>
  <system-out/>
</testsuite> <!-- com.TestNG.ParallelExecution -->
