<?xml version="1.0" encoding="UTF-8"?>
<!-- Generated by org.testng.reporters.JUnitReportReporter -->
<testsuite skipped="0" hostname="ILAMUKIL" name="com.TestNG.PriorityTestCase" tests="3" failures="0" timestamp="2020-08-18T10:12:47 PDT" time="0.029" errors="0">
  <testcase name="testCase3" time="0.020" classname="com.TestNG.PriorityTestCase"/>
  <system-out/>
  <testcase name="testCase2" time="0.002" classname="com.TestNG.PriorityTestCase"/>
  <system-out/>
  <testcase name="testCase1" time="0.007" classname="com.TestNG.PriorityTestCase"/>
  <system-out/>
</testsuite> <!-- com.TestNG.PriorityTestCase -->
